<?xml version="1.0" encoding="UTF-8"?>
<!-- Generated by org.testng.reporters.JUnitXMLReporter -->
<testsuite hostname="Arpit-PC" name="Default test" tests="4" failures="0" timestamp="4 Dec 2018 18:56:02 GMT" time="0.134" errors="0">
  <testcase name="testMethodFour" time="0.043" classname="testScripts.RegularExpressionGroupTest"/>
  <testcase name="testMethodOne" time="0.005" classname="testScripts.RegularExpressionGroupTest"/>
  <testcase name="testMethodThree" time="0.005" classname="testScripts.RegularExpressionGroupTest"/>
  <testcase name="testMethodTwo" time="0.005" classname="testScripts.RegularExpressionGroupTest"/>
</testsuite>
