<?xml version="1.0" encoding="UTF-8"?>
<testng-results skipped="0" failed="0" total="2" passed="2">
  <reporter-output>
  </reporter-output>
  <suite name="Group of group Suite" duration-ms="104" started-at="2018-12-05T00:27:12Z" finished-at="2018-12-05T00:27:12Z">
    <groups>
      <group name="include-test-one">
        <method signature="RegularExpressionGroupTest.testMethodOne()[pri:0, instance:testScripts.RegularExpressionGroupTest@5d624da6]" name="testMethodOne" class="testScripts.RegularExpressionGroupTest"/>
      </group>
      <group name="include-test-two">
        <method signature="RegularExpressionGroupTest.testMethodTwo()[pri:0, instance:testScripts.RegularExpressionGroupTest@5d624da6]" name="testMethodTwo" class="testScripts.RegularExpressionGroupTest"/>
      </group>
    </groups>
    <test name="Group of group Test" duration-ms="104" started-at="2018-12-05T00:27:12Z" finished-at="2018-12-05T00:27:12Z">
      <class name="testScripts.RegularExpressionGroupTest">
        <test-method status="PASS" signature="testMethodOne()[pri:0, instance:testScripts.RegularExpressionGroupTest@5d624da6]" name="testMethodOne" duration-ms="38" started-at="2018-12-05T00:27:12Z" finished-at="2018-12-05T00:27:12Z">
        </test-method>
        <test-method status="PASS" signature="testMethodTwo()[pri:0, instance:testScripts.RegularExpressionGroupTest@5d624da6]" name="testMethodTwo" duration-ms="5" started-at="2018-12-05T00:27:12Z" finished-at="2018-12-05T00:27:12Z">
        </test-method>
      </class>
    </test>
  </suite>
</testng-results>
